<?xml version="1.0" encoding="UTF-8"?>
<coverage generated="1761850332398" clover="3.2.0">
  <project timestamp="1761850332398" name="All files">
    <metrics statements="26" coveredstatements="26" conditionals="12" coveredconditionals="6" methods="3" coveredmethods="3" elements="41" coveredelements="35" complexity="0" loc="26" ncloc="26" packages="2" files="2" classes="2"/>
    <package name="services">
      <metrics statements="18" coveredstatements="18" conditionals="6" coveredconditionals="3" methods="2" coveredmethods="2"/>
      <file name="riskEngine.ts" path="/workspaces/trading-system/backend/src/services/riskEngine.ts">
        <metrics statements="18" coveredstatements="18" conditionals="6" coveredconditionals="3" methods="2" coveredmethods="2"/>
        <line num="12" count="1" type="stmt"/>
        <line num="14" count="1" type="stmt"/>
        <line num="15" count="1" type="stmt"/>
        <line num="16" count="1" type="stmt"/>
        <line num="17" count="1" type="stmt"/>
        <line num="18" count="1" type="cond" truecount="1" falsecount="1"/>
        <line num="19" count="1" type="stmt"/>
        <line num="20" count="1" type="cond" truecount="1" falsecount="1"/>
        <line num="21" count="1" type="stmt"/>
        <line num="23" count="1" type="stmt"/>
        <line num="24" count="1" type="stmt"/>
        <line num="25" count="1" type="cond" truecount="1" falsecount="1"/>
        <line num="26" count="1" type="stmt"/>
        <line num="34" count="1" type="stmt"/>
        <line num="39" count="1" type="stmt"/>
        <line num="40" count="1" type="stmt"/>
        <line num="41" count="30" type="stmt"/>
        <line num="42" count="1" type="stmt"/>
      </file>
    </package>
    <package name="utils">
      <metrics statements="8" coveredstatements="8" conditionals="6" coveredconditionals="3" methods="1" coveredmethods="1"/>
      <file name="calcUtils.ts" path="/workspaces/trading-system/backend/src/utils/calcUtils.ts">
        <metrics statements="8" coveredstatements="8" conditionals="6" coveredconditionals="3" methods="1" coveredmethods="1"/>
        <line num="6" count="1" type="cond" truecount="0" falsecount="1"/>
        <line num="7" count="1" type="cond" truecount="2" falsecount="1"/>
        <line num="8" count="1" type="stmt"/>
        <line num="9" count="1" type="stmt"/>
        <line num="10" count="1" type="stmt"/>
        <line num="11" count="14" type="stmt"/>
        <line num="13" count="1" type="cond" truecount="1" falsecount="1"/>
        <line num="14" count="1" type="stmt"/>
      </file>
    </package>
  </project>
</coverage>
