{"/workspaces/trading-system/backend/src/services/riskEngine.ts": {"path":"/workspaces/trading-system/backend/src/services/riskEngine.ts","statementMap":{"0":{"start":{"line":14,"column":0},"end":{"line":14,"column":7}},"1":{"start":{"line":12,"column":0},"end":{"line":12,"column":45}},"2":{"start":{"line":15,"column":24},"end":{"line":15,"column":30}},"3":{"start":{"line":16,"column":22},"end":{"line":16,"column":26}},"4":{"start":{"line":17,"column":21},"end":{"line":17,"column":55}},"5":{"start":{"line":18,"column":16},"end":{"line":18,"column":56}},"6":{"start":{"line":19,"column":14},"end":{"line":19,"column":37}},"7":{"start":{"line":20,"column":21},"end":{"line":20,"column":40}},"8":{"start":{"line":21,"column":24},"end":{"line":21,"column":27}},"9":{"start":{"line":23,"column":19},"end":{"line":23,"column":71}},"10":{"start":{"line":24,"column":15},"end":{"line":24,"column":64}},"11":{"start":{"line":25,"column":15},"end":{"line":25,"column":49}},"12":{"start":{"line":26,"column":16},"end":{"line":33,"column":4}},"13":{"start":{"line":34,"column":2},"end":{"line":34,"column":15}},"14":{"start":{"line":39,"column":15},"end":{"line":39,"column":48}},"15":{"start":{"line":40,"column":17},"end":{"line":40,"column":19}},"16":{"start":{"line":41,"column":2},"end":{"line":41,"column":81}},"17":{"start":{"line":41,"column":15},"end":{"line":41,"column":16}},"18":{"start":{"line":41,"column":31},"end":{"line":41,"column":81}},"19":{"start":{"line":42,"column":2},"end":{"line":42,"column":16}}},"fnMap":{"0":{"name":"runRiskEngineForSignal","decl":{"start":{"line":14,"column":22},"end":{"line":14,"column":44}},"loc":{"start":{"line":14,"column":56},"end":{"line":35,"column":1}}},"1":{"name":"getMockPrices","decl":{"start":{"line":38,"column":15},"end":{"line":38,"column":28}},"loc":{"start":{"line":38,"column":43},"end":{"line":43,"column":1}}}},"branchMap":{"0":{"loc":{"start":{"line":18,"column":16},"end":{"line":18,"column":56}},"type":"binary-expr","locations":[{"start":{"line":18,"column":16},"end":{"line":18,"column":49}},{"start":{"line":18,"column":53},"end":{"line":18,"column":56}}]},"1":{"loc":{"start":{"line":20,"column":21},"end":{"line":20,"column":40}},"type":"binary-expr","locations":[{"start":{"line":20,"column":21},"end":{"line":20,"column":32}},{"start":{"line":20,"column":36},"end":{"line":20,"column":40}}]},"2":{"loc":{"start":{"line":25,"column":15},"end":{"line":25,"column":49}},"type":"cond-expr","locations":[{"start":{"line":25,"column":35},"end":{"line":25,"column":40}},{"start":{"line":25,"column":43},"end":{"line":25,"column":49}}]}},"s":{"0":1,"1":1,"2":1,"3":1,"4":1,"5":1,"6":1,"7":1,"8":1,"9":1,"10":1,"11":1,"12":1,"13":1,"14":1,"15":1,"16":1,"17":1,"18":30,"19":1},"f":{"0":1,"1":1},"b":{"0":[1,0],"1":[1,0],"2":[1,0]}}
,"/workspaces/trading-system/backend/src/utils/calcUtils.ts": {"path":"/workspaces/trading-system/backend/src/utils/calcUtils.ts","statementMap":{"0":{"start":{"line":6,"column":0},"end":{"line":6,"column":16}},"1":{"start":{"line":7,"column":2},"end":{"line":7,"column":48}},"2":{"start":{"line":7,"column":36},"end":{"line":7,"column":48}},"3":{"start":{"line":8,"column":12},"end":{"line":8,"column":13}},"4":{"start":{"line":9,"column":16},"end":{"line":9,"column":51}},"5":{"start":{"line":10,"column":2},"end":{"line":12,"column":3}},"6":{"start":{"line":10,"column":15},"end":{"line":10,"column":20}},"7":{"start":{"line":11,"column":4},"end":{"line":11,"column":47}},"8":{"start":{"line":13,"column":16},"end":{"line":13,"column":56}},"9":{"start":{"line":14,"column":2},"end":{"line":14,"column":21}}},"fnMap":{"0":{"name":"calcATR","decl":{"start":{"line":6,"column":16},"end":{"line":6,"column":23}},"loc":{"start":{"line":6,"column":53},"end":{"line":15,"column":1}}}},"branchMap":{"0":{"loc":{"start":{"line":6,"column":42},"end":{"line":6,"column":53}},"type":"default-arg","locations":[{"start":{"line":6,"column":51},"end":{"line":6,"column":53}}]},"1":{"loc":{"start":{"line":7,"column":2},"end":{"line":7,"column":48}},"type":"if","locations":[{"start":{"line":7,"column":2},"end":{"line":7,"column":48}}]},"2":{"loc":{"start":{"line":7,"column":6},"end":{"line":7,"column":34}},"type":"binary-expr","locations":[{"start":{"line":7,"column":6},"end":{"line":7,"column":13}},{"start":{"line":7,"column":17},"end":{"line":7,"column":34}}]},"3":{"loc":{"start":{"line":13,"column":16},"end":{"line":13,"column":56}},"type":"binary-expr","locations":[{"start":{"line":13,"column":16},"end":{"line":13,"column":51}},{"start":{"line":13,"column":55},"end":{"line":13,"column":56}}]}},"s":{"0":1,"1":1,"2":0,"3":1,"4":1,"5":1,"6":1,"7":14,"8":1,"9":1},"f":{"0":1},"b":{"0":[0],"1":[0],"2":[1,1],"3":[1,0]}}
}
