TN:
SF:src/services/riskEngine.ts
FN:14,runRiskEngineForSignal
FN:38,getMockPrices
FNF:2
FNH:2
FNDA:1,runRiskEngineForSignal
FNDA:1,getMockPrices
DA:12,1
DA:14,1
DA:15,1
DA:16,1
DA:17,1
DA:18,1
DA:19,1
DA:20,1
DA:21,1
DA:23,1
DA:24,1
DA:25,1
DA:26,1
DA:34,1
DA:39,1
DA:40,1
DA:41,30
DA:42,1
LF:18
LH:18
BRDA:18,0,0,1
BRDA:18,0,1,0
BRDA:20,1,0,1
BRDA:20,1,1,0
BRDA:25,2,0,1
BRDA:25,2,1,0
BRF:6
BRH:3
end_of_record
TN:
SF:src/utils/calcUtils.ts
FN:6,calcATR
FNF:1
FNH:1
FNDA:1,calcATR
DA:6,1
DA:7,1
DA:8,1
DA:9,1
DA:10,1
DA:11,14
DA:13,1
DA:14,1
LF:8
LH:8
BRDA:6,0,0,0
BRDA:7,1,0,0
BRDA:7,2,0,1
BRDA:7,2,1,1
BRDA:13,3,0,1
BRDA:13,3,1,0
BRF:6
BRH:3
end_of_record
